{"uuid":"5812463c-eee4-43dc-834c-b78df59d3c9d","historyId":"2c709fad9f38caffc5ccb8b8b76e9cb2","testCaseId":"[engine:junit-jupiter]/[class:ui.WebFormSelenide]/[method:proverkaDefaultCheckbox()]","testCaseName":"proverkaDefaultCheckbox()","fullName":"ui.WebFormSelenide.proverkaDefaultCheckbox","labels":[{"name":"tag","value":"pages/selenide"},{"name":"junit.platform.uniqueid","value":"[engine:junit-jupiter]/[class:ui.WebFormSelenide]/[method:proverkaDefaultCheckbox()]"},{"name":"host","value":"adm-program-34"},{"name":"thread","value":"7160@adm-program-34.Test worker(1)"},{"name":"framework","value":"junit-platform"},{"name":"language","value":"java"},{"name":"package","value":"ui.WebFormSelenide"},{"name":"testClass","value":"ui.WebFormSelenide"},{"name":"testMethod","value":"proverkaDefaultCheckbox"},{"name":"suite","value":"ui.WebFormSelenide"}],"links":[],"name":"proverkaDefaultCheckbox()","status":"failed","statusDetails":{"known":false,"muted":false,"flaky":false,"message":"Invalid element state [#my-check-2]: invalid element state\r\nScreenshot: file:/C:/Users/Kolbasova.MD/IdeaProjects/SeleniumDZ12Selenide/build/reports/tests/1747543969108.0.png\r\nPage source: file:/C:/Users/Kolbasova.MD/IdeaProjects/SeleniumDZ12Selenide/build/reports/tests/1747543969108.0.html\r\nTimeout: 4 s.\r\nCaused by: InvalidElementStateException: invalid element state","trace":"Invalid element state [#my-check-2]: invalid element state\r\nScreenshot: file:/C:/Users/Kolbasova.MD/IdeaProjects/SeleniumDZ12Selenide/build/reports/tests/1747543969108.0.png\r\nPage source: file:/C:/Users/Kolbasova.MD/IdeaProjects/SeleniumDZ12Selenide/build/reports/tests/1747543969108.0.html\r\nTimeout: 4 s.\r\nCaused by: InvalidElementStateException: invalid element state\r\n\tat com.codeborne.selenide.impl.ExceptionWrapper.wrap(ExceptionWrapper.java:19)\r\n\tat com.codeborne.selenide.impl.SelenideElementProxy.dispatchAndRetry(SelenideElementProxy.java:153)\r\n\tat com.codeborne.selenide.impl.SelenideElementProxy.invoke(SelenideElementProxy.java:83)\r\n\tat jdk.proxy3/jdk.proxy3.$Proxy15.setValue(Unknown Source)\r\n\tat ui.WebFormSelenide.proverkaDefaultCheckbox(WebFormSelenide.java:107)\r\n\tat java.base/java.lang.reflect.Method.invoke(Method.java:568)\r\n\tat java.base/java.util.ArrayList.forEach(ArrayList.java:1511)\r\n\tat java.base/java.util.ArrayList.forEach(ArrayList.java:1511)\r\nCaused by: org.openqa.selenium.InvalidElementStateException: invalid element state\n  (Session info: chrome=136.0.7103.93)\nBuild info: version: '4.31.0', revision: '1ef9f18787*'\nSystem info: os.name: 'Windows 10', os.arch: 'amd64', os.version: '10.0', java.version: '17.0.12'\nDriver info: org.openqa.selenium.chrome.ChromeDriver\nCommand: [d59607eb46e72efd25f5ce2764581d2b, clearElement {id=f.5015AA2F255F4EA596D6319F11178B5B.d.D15D94AB2717A1F261D665A8A7189808.e.21}]\nCapabilities {acceptInsecureCerts: true, browserName: chrome, browserVersion: 136.0.7103.93, chrome: {chromedriverVersion: 136.0.7103.94 (fa0be0b33deb..., userDataDir: C:\\Users\\KOLBAS~1.MD\\AppDat...}, fedcm:accounts: true, goog:chromeOptions: {debuggerAddress: localhost:54303}, networkConnectionEnabled: false, pageLoadStrategy: normal, platformName: windows, proxy: Proxy(), se:cdp: ws://localhost:54303/devtoo..., se:cdpVersion: 136.0.7103.93, setWindowRect: true, strictFileInteractability: false, timeouts: {implicit: 0, pageLoad: 300000, script: 30000}, unhandledPromptBehavior: accept, webauthn:extension:credBlob: true, webauthn:extension:largeBlob: true, webauthn:extension:minPinLength: true, webauthn:extension:prf: true, webauthn:virtualAuthenticators: true}\nElement: [[ChromeDriver: chrome on windows (d59607eb46e72efd25f5ce2764581d2b)] -> id: my-check-2]\nSession ID: d59607eb46e72efd25f5ce2764581d2b\r\n\tat java.base/jdk.internal.reflect.NativeConstructorAccessorImpl.newInstance0(Native Method)\r\n\tat java.base/jdk.internal.reflect.NativeConstructorAccessorImpl.newInstance(NativeConstructorAccessorImpl.java:77)\r\n\tat java.base/jdk.internal.reflect.DelegatingConstructorAccessorImpl.newInstance(DelegatingConstructorAccessorImpl.java:45)\r\n\tat java.base/java.lang.reflect.Constructor.newInstanceWithCaller(Constructor.java:499)\r\n\tat java.base/java.lang.reflect.Constructor.newInstance(Constructor.java:480)\r\n\tat org.openqa.selenium.remote.ErrorCodec.decode(ErrorCodec.java:167)\r\n\tat org.openqa.selenium.remote.codec.w3c.W3CHttpResponseCodec.decode(W3CHttpResponseCodec.java:138)\r\n\tat org.openqa.selenium.remote.codec.w3c.W3CHttpResponseCodec.decode(W3CHttpResponseCodec.java:50)\r\n\tat org.openqa.selenium.remote.HttpCommandExecutor.execute(HttpCommandExecutor.java:215)\r\n\tat org.openqa.selenium.remote.service.DriverCommandExecutor.invokeExecute(DriverCommandExecutor.java:216)\r\n\tat org.openqa.selenium.remote.service.DriverCommandExecutor.execute(DriverCommandExecutor.java:174)\r\n\tat org.openqa.selenium.remote.RemoteWebDriver.execute(RemoteWebDriver.java:545)\r\n\tat org.openqa.selenium.remote.RemoteWebElement.execute(RemoteWebElement.java:223)\r\n\tat org.openqa.selenium.remote.RemoteWebElement.clear(RemoteWebElement.java:129)\r\n\tat com.codeborne.selenide.commands.Clear.clear(Clear.java:63)\r\n\tat com.codeborne.selenide.commands.SetValue.setValueForTextInput(SetValue.java:64)\r\n\tat com.codeborne.selenide.commands.SetValue.execute(SetValue.java:38)\r\n\tat com.codeborne.selenide.FluentCommand.execute(FluentCommand.java:27)\r\n\tat com.codeborne.selenide.FluentCommand.execute(FluentCommand.java:19)\r\n\tat com.codeborne.selenide.commands.Commands.execute(Commands.java:160)\r\n\tat com.codeborne.selenide.impl.SelenideElementProxy.dispatchAndRetry(SelenideElementProxy.java:131)\r\n\t... 6 more\r\n"},"stage":"finished","description":"","steps":[],"attachments":[],"parameters":[],"start":1747543961144,"stop":1747543969257}