{"uuid":"965f3d02-378a-4c24-b1ad-20930824e438","historyId":"25b9b13d062fbf801168a1909d09cede","testCaseId":"[engine:junit-jupiter]/[class:ui.DropDownMenuSelenide]/[method:rightClick()]","testCaseName":"rightClick()","fullName":"ui.DropDownMenuSelenide.rightClick","labels":[{"name":"junit.platform.uniqueid","value":"[engine:junit-jupiter]/[class:ui.DropDownMenuSelenide]/[method:rightClick()]"},{"name":"host","value":"adm-program-34"},{"name":"thread","value":"3624@adm-program-34.Test worker(1)"},{"name":"framework","value":"junit-platform"},{"name":"language","value":"java"},{"name":"package","value":"ui.DropDownMenuSelenide"},{"name":"testClass","value":"ui.DropDownMenuSelenide"},{"name":"testMethod","value":"rightClick"},{"name":"suite","value":"ui.DropDownMenuSelenide"}],"links":[],"name":"rightClick()","status":"failed","statusDetails":{"known":false,"muted":false,"flaky":false,"message":"Element not found {By.xpath: //ul[@class='dropdown-menu show']/li[0]}\r\nExpected: visible\r\nScreenshot: file:/C:/Users/Kolbasova.MD/IdeaProjects/SeleniumDZ12Selenide/build/reports/tests/1747550265709.0.png\r\nPage source: file:/C:/Users/Kolbasova.MD/IdeaProjects/SeleniumDZ12Selenide/build/reports/tests/1747550265709.0.html\r\nTimeout: 4 s.\r\nCaused by: NoSuchElementException: no such element: Unable to locate element: {\"method\":\"xpath\",\"selector\":\"//ul[@class='dropdown-menu show']/li\"}","trace":"Element not found {By.xpath: //ul[@class='dropdown-menu show']/li[0]}\r\nExpected: visible\r\nScreenshot: file:/C:/Users/Kolbasova.MD/IdeaProjects/SeleniumDZ12Selenide/build/reports/tests/1747550265709.0.png\r\nPage source: file:/C:/Users/Kolbasova.MD/IdeaProjects/SeleniumDZ12Selenide/build/reports/tests/1747550265709.0.html\r\nTimeout: 4 s.\r\nCaused by: NoSuchElementException: no such element: Unable to locate element: {\"method\":\"xpath\",\"selector\":\"//ul[@class='dropdown-menu show']/li\"}\r\n\tat com.codeborne.selenide.impl.CollectionElement.createElementNotFoundError(CollectionElement.java:58)\r\n\tat com.codeborne.selenide.impl.ExceptionWrapper.wrap(ExceptionWrapper.java:25)\r\n\tat com.codeborne.selenide.impl.SelenideElementProxy.dispatchAndRetry(SelenideElementProxy.java:153)\r\n\tat com.codeborne.selenide.impl.SelenideElementProxy.invoke(SelenideElementProxy.java:83)\r\n\tat jdk.proxy3/jdk.proxy3.$Proxy13.text(Unknown Source)\r\n\tat ui.DropDownMenuSelenide.rightClick(DropDownMenuSelenide.java:53)\r\n\tat java.base/java.lang.reflect.Method.invoke(Method.java:568)\r\n\tat java.base/java.util.ArrayList.forEach(ArrayList.java:1511)\r\n\tat java.base/java.util.ArrayList.forEach(ArrayList.java:1511)\r\nCaused by: org.openqa.selenium.NoSuchElementException: no such element: Unable to locate element: {\"method\":\"xpath\",\"selector\":\"//ul[@class='dropdown-menu show']/li\"}\n  (Session info: chrome=136.0.7103.93)\nFor documentation on this error, please visit: https://www.selenium.dev/documentation/webdriver/troubleshooting/errors#no-such-element-exception\nBuild info: version: '4.31.0', revision: '1ef9f18787*'\nSystem info: os.name: 'Windows 10', os.arch: 'amd64', os.version: '10.0', java.version: '17.0.12'\nDriver info: org.openqa.selenium.chrome.ChromeDriver\nCommand: [e4a499650b42a3ee6d7453ba54945144, findElement {value=//ul[@class='dropdown-menu show']/li, using=xpath}]\nCapabilities {acceptInsecureCerts: true, browserName: chrome, browserVersion: 136.0.7103.93, chrome: {chromedriverVersion: 136.0.7103.94 (fa0be0b33deb..., userDataDir: C:\\Users\\KOLBAS~1.MD\\AppDat...}, fedcm:accounts: true, goog:chromeOptions: {debuggerAddress: localhost:57934}, networkConnectionEnabled: false, pageLoadStrategy: normal, platformName: windows, proxy: Proxy(), se:cdp: ws://localhost:57934/devtoo..., se:cdpVersion: 136.0.7103.93, setWindowRect: true, strictFileInteractability: false, timeouts: {implicit: 0, pageLoad: 300000, script: 30000}, unhandledPromptBehavior: accept, webauthn:extension:credBlob: true, webauthn:extension:largeBlob: true, webauthn:extension:minPinLength: true, webauthn:extension:prf: true, webauthn:virtualAuthenticators: true}\nSession ID: e4a499650b42a3ee6d7453ba54945144\r\n\tat jdk.internal.reflect.GeneratedConstructorAccessor12.newInstance(Unknown Source)\r\n\tat java.base/jdk.internal.reflect.DelegatingConstructorAccessorImpl.newInstance(DelegatingConstructorAccessorImpl.java:45)\r\n\tat java.base/java.lang.reflect.Constructor.newInstanceWithCaller(Constructor.java:499)\r\n\tat java.base/java.lang.reflect.Constructor.newInstance(Constructor.java:480)\r\n\tat org.openqa.selenium.remote.ErrorCodec.decode(ErrorCodec.java:167)\r\n\tat org.openqa.selenium.remote.codec.w3c.W3CHttpResponseCodec.decode(W3CHttpResponseCodec.java:138)\r\n\tat org.openqa.selenium.remote.codec.w3c.W3CHttpResponseCodec.decode(W3CHttpResponseCodec.java:50)\r\n\tat org.openqa.selenium.remote.HttpCommandExecutor.execute(HttpCommandExecutor.java:215)\r\n\tat org.openqa.selenium.remote.service.DriverCommandExecutor.invokeExecute(DriverCommandExecutor.java:216)\r\n\tat org.openqa.selenium.remote.service.DriverCommandExecutor.execute(DriverCommandExecutor.java:174)\r\n\tat org.openqa.selenium.remote.RemoteWebDriver.execute(RemoteWebDriver.java:545)\r\n\tat org.openqa.selenium.remote.ElementLocation$ElementFinder$2.findElement(ElementLocation.java:165)\r\n\tat org.openqa.selenium.remote.ElementLocation.findElement(ElementLocation.java:59)\r\n\tat org.openqa.selenium.remote.RemoteWebDriver.findElement(RemoteWebDriver.java:368)\r\n\tat org.openqa.selenium.remote.RemoteWebDriver.findElement(RemoteWebDriver.java:362)\r\n\tat com.codeborne.selenide.impl.WebElementSelector.findElement(WebElementSelector.java:67)\r\n\tat com.codeborne.selenide.impl.WebElementSelector.findElement(WebElementSelector.java:38)\r\n\tat com.codeborne.selenide.impl.WebElementSelector.findElement(WebElementSelector.java:29)\r\n\tat com.codeborne.selenide.impl.BySelectorCollection.getElement(BySelectorCollection.java:40)\r\n\tat com.codeborne.selenide.impl.CollectionElement.getWebElement(CollectionElement.java:42)\r\n\tat com.codeborne.selenide.commands.GetText.execute(GetText.java:22)\r\n\tat com.codeborne.selenide.commands.GetText.execute(GetText.java:9)\r\n\tat com.codeborne.selenide.commands.Commands.execute(Commands.java:160)\r\n\tat com.codeborne.selenide.impl.SelenideElementProxy.dispatchAndRetry(SelenideElementProxy.java:131)\r\n\t... 6 more\r\n"},"stage":"finished","description":"","steps":[],"attachments":[],"parameters":[],"start":1747550257732,"stop":1747550265907}